[0.015s] Invoking command in '/home/jang/2024_7Dof/build/apf_package': CMAKE_PREFIX_PATH=/home/jang/2024_7Dof/install/apf_interfaces:/home/jang/2024_7Dof/install/impedance_controller:/home/jang/2024_7Dof/install/iiwa_moveit2:/home/jang/2024_7Dof/install/iiwa_bringup:/home/jang/2024_7Dof/install/iiwa_description:/home/jang/2024_7Dof/install/external_torque_sensor_broadcaster:/home/jang/2024_7Dof/install/culjaco:/home/jang/2024_7Dof/install/apf_package:/home/jang/2024_7Dof/install/apf_nodes:/opt/ros/humble LD_LIBRARY_PATH=/home/jang/2024_7Dof/install/apf_interfaces/lib:/home/jang/2024_7Dof/install/impedance_controller/lib:/home/jang/2024_7Dof/install/iiwa_moveit2/lib:/home/jang/2024_7Dof/install/external_torque_sensor_broadcaster/lib:/usr/lib/x86_64-linux-gnu/gazebo-11/plugins:/opt/ros/humble/opt/rviz_ogre_vendor/lib:/opt/ros/humble/lib/x86_64-linux-gnu:/opt/ros/humble/lib:/usr/lib/x86_64-linux-gnu/gazebo-11/plugins /usr/bin/cmake --build /home/jang/2024_7Dof/build/apf_package -- -j16 -l16
[0.117s] [35m[1mConsolidate compiler generated dependencies of target apf_main_node[0m
[0.118s] [35m[1mConsolidate compiler generated dependencies of target cul_distance_node[0m
[0.197s] [ 33%] Built target save_jaco
[0.208s] gmake[2]: Warning: File '/home/jang/2024_7Dof/src/apf_package/src/cul_distance_node.cpp' has modification time 31533 s in the future
[0.241s] [ 50%] [32mBuilding CXX object CMakeFiles/apf_main_node.dir/src/apf_main_node.cpp.o[0m
[0.268s] [ 66%] [32mBuilding CXX object CMakeFiles/cul_distance_node.dir/src/cul_distance_node.cpp.o[0m
[3.152s] [01m[K/home/jang/2024_7Dof/src/apf_package/src/apf_main_node.cpp:[m[K In member function â€˜[01m[Kvoid apf_main_node::topic_callback(const Jacobian&)[m[Kâ€™:
[3.152s] [01m[K/home/jang/2024_7Dof/src/apf_package/src/apf_main_node.cpp:135:18:[m[K [01;35m[Kwarning: [m[Kunused variable â€˜[01m[Ktime_diff[m[Kâ€™ [[01;35m[K]8;;https://gcc.gnu.org/onlinedocs/gcc/Warning-Options.html#index-Wunused-variable-Wunused-variable]8;;[m[K]
[3.152s]   135 |             auto [01;35m[Ktime_diff[m[K = (current_time - last_msg_time_).seconds();
[3.152s]       |                  [01;35m[K^~~~~~~~~[m[K
[3.153s] [01m[K/home/jang/2024_7Dof/src/apf_package/src/apf_main_node.cpp:[m[K In member function â€˜[01m[Kvoid apf_main_node::distance_callback(const Distance&)[m[Kâ€™:
[3.153s] [01m[K/home/jang/2024_7Dof/src/apf_package/src/apf_main_node.cpp:177:12:[m[K [01;31m[Kerror: [m[Kexpected â€˜[01m[K([m[Kâ€™ before â€˜[01m[K{[m[Kâ€™ token
[3.153s]   177 |       catch[01;31m[K{[m[K
[3.153s]       |            [01;31m[K^[m[K
[3.153s] [01m[K/home/jang/2024_7Dof/src/apf_package/src/apf_main_node.cpp:177:12:[m[K [01;31m[Kerror: [m[Kexpected type-specifier before â€˜[01m[K{[m[Kâ€™ token
[3.153s] [01m[K/home/jang/2024_7Dof/src/apf_package/src/apf_main_node.cpp:177:12:[m[K [01;31m[Kerror: [m[Kexpected â€˜[01m[K)[m[Kâ€™ before â€˜[01m[K{[m[Kâ€™ token
[3.154s] [01m[K/home/jang/2024_7Dof/src/apf_package/src/apf_main_node.cpp:177:12:[m[K [01;36m[Knote: [m[Kto match this â€˜[01m[K([m[Kâ€™
[6.516s] gmake[2]: *** [CMakeFiles/apf_main_node.dir/build.make:76: CMakeFiles/apf_main_node.dir/src/apf_main_node.cpp.o] Error 1
[6.517s] gmake[1]: *** [CMakeFiles/Makefile2:141: CMakeFiles/apf_main_node.dir/all] Error 2
[6.517s] gmake[1]: *** Waiting for unfinished jobs....
[10.721s] [ 83%] [32m[1mLinking CXX executable cul_distance_node[0m
[10.870s] gmake[2]: warning:  Clock skew detected.  Your build may be incomplete.
[10.879s] [ 83%] Built target cul_distance_node
[10.880s] gmake: *** [Makefile:146: all] Error 2
[10.883s] Invoked command in '/home/jang/2024_7Dof/build/apf_package' returned '2': CMAKE_PREFIX_PATH=/home/jang/2024_7Dof/install/apf_interfaces:/home/jang/2024_7Dof/install/impedance_controller:/home/jang/2024_7Dof/install/iiwa_moveit2:/home/jang/2024_7Dof/install/iiwa_bringup:/home/jang/2024_7Dof/install/iiwa_description:/home/jang/2024_7Dof/install/external_torque_sensor_broadcaster:/home/jang/2024_7Dof/install/culjaco:/home/jang/2024_7Dof/install/apf_package:/home/jang/2024_7Dof/install/apf_nodes:/opt/ros/humble LD_LIBRARY_PATH=/home/jang/2024_7Dof/install/apf_interfaces/lib:/home/jang/2024_7Dof/install/impedance_controller/lib:/home/jang/2024_7Dof/install/iiwa_moveit2/lib:/home/jang/2024_7Dof/install/external_torque_sensor_broadcaster/lib:/usr/lib/x86_64-linux-gnu/gazebo-11/plugins:/opt/ros/humble/opt/rviz_ogre_vendor/lib:/opt/ros/humble/lib/x86_64-linux-gnu:/opt/ros/humble/lib:/usr/lib/x86_64-linux-gnu/gazebo-11/plugins /usr/bin/cmake --build /home/jang/2024_7Dof/build/apf_package -- -j16 -l16
