[0.169s] Invoking command in '/home/jang/2024_7Dof/build/culjaco': CMAKE_PREFIX_PATH=${CMAKE_PREFIX_PATH}:/home/jang/2024_7Dof/install/apf_nodes:/opt/ros/humble /usr/bin/cmake --build /home/jang/2024_7Dof/build/culjaco -- -j16 -l16
[0.206s] [35m[1mConsolidate compiler generated dependencies of target jaco_node[0m
[0.214s] [ 20%] Built target forward
[0.217s] [ 40%] Built target talker
[0.217s] [ 60%] Built target listener
[0.222s] [ 80%] Built target forward_node
[0.224s] [ 90%] [32mBuilding CXX object CMakeFiles/jaco_node.dir/src/cul_jaco.cpp.o[0m
[2.043s] [01m[K/home/jang/2024_7Dof/src/culjaco/src/cul_jaco.cpp:[m[K In member function â€˜[01m[Kvoid jaco_node::timer_callback()[m[Kâ€™:
[2.044s] [01m[K/home/jang/2024_7Dof/src/culjaco/src/cul_jaco.cpp:147:38:[m[K [01;31m[Kerror: [m[Kunable to find numeric literal operator â€˜[01m[Koperator""_mat[m[Kâ€™
[2.044s]   147 |         link_pose_msg.data.push_back([01;31m[K0_mat[m[K[6]);
[2.044s]       |                                      [01;31m[K^~~~~[m[K
[2.044s] [01m[K/home/jang/2024_7Dof/src/culjaco/src/cul_jaco.cpp:148:38:[m[K [01;31m[Kerror: [m[Kunable to find numeric literal operator â€˜[01m[Koperator""_mat[m[Kâ€™
[2.044s]   148 |         link_pose_msg.data.push_back([01;31m[K0_mat[m[K[5]);
[2.044s]       |                                      [01;31m[K^~~~~[m[K
[4.002s] gmake[2]: *** [CMakeFiles/jaco_node.dir/build.make:76: CMakeFiles/jaco_node.dir/src/cul_jaco.cpp.o] Error 1
[4.003s] gmake[1]: *** [CMakeFiles/Makefile2:249: CMakeFiles/jaco_node.dir/all] Error 2
[4.003s] gmake: *** [Makefile:146: all] Error 2
[4.005s] Invoked command in '/home/jang/2024_7Dof/build/culjaco' returned '2': CMAKE_PREFIX_PATH=${CMAKE_PREFIX_PATH}:/home/jang/2024_7Dof/install/apf_nodes:/opt/ros/humble /usr/bin/cmake --build /home/jang/2024_7Dof/build/culjaco -- -j16 -l16
