[0.162s] Invoking command in '/home/jang/2024_7Dof/build/culjaco': CMAKE_PREFIX_PATH=${CMAKE_PREFIX_PATH}:/home/jang/2024_7Dof/install/apf_nodes:/opt/ros/humble /usr/bin/cmake --build /home/jang/2024_7Dof/build/culjaco -- -j16 -l16
[0.191s] -- Found ament_cmake: 1.3.10 (/opt/ros/humble/share/ament_cmake/cmake)
[0.534s] -- Override CMake install command with custom implementation using symlinks instead of copying resources
[0.565s] -- Found rclcpp: 16.0.10 (/opt/ros/humble/share/rclcpp/cmake)
[0.611s] -- Found rosidl_generator_c: 3.1.5 (/opt/ros/humble/share/rosidl_generator_c/cmake)
[0.614s] -- Found rosidl_adapter: 3.1.5 (/opt/ros/humble/share/rosidl_adapter/cmake)
[0.624s] -- Found rosidl_generator_cpp: 3.1.5 (/opt/ros/humble/share/rosidl_generator_cpp/cmake)
[0.640s] -- Using all available rosidl_typesupport_c: rosidl_typesupport_fastrtps_c;rosidl_typesupport_introspection_c
[0.658s] -- Using all available rosidl_typesupport_cpp: rosidl_typesupport_fastrtps_cpp;rosidl_typesupport_introspection_cpp
[0.693s] -- Found rmw_implementation_cmake: 6.1.2 (/opt/ros/humble/share/rmw_implementation_cmake/cmake)
[0.695s] -- Found rmw_fastrtps_cpp: 6.2.7 (/opt/ros/humble/share/rmw_fastrtps_cpp/cmake)
[0.778s] -- Using RMW implementation 'rmw_fastrtps_cpp' as default
[0.814s] -- Found eigen3_cmake_module: 0.1.1 (/opt/ros/humble/share/eigen3_cmake_module/cmake)
[0.818s] -- Found ament_lint_auto: 0.12.11 (/opt/ros/humble/share/ament_lint_auto/cmake)
[0.869s] -- Added test 'cppcheck' to perform static code analysis on C / C++ code
[0.869s] -- Configured cppcheck include dirs: $<BUILD_INTERFACE:/home/jang/2024_7Dof/src/culjaco/include>
[0.869s] -- Configured cppcheck exclude dirs and/or files: 
[0.870s] -- Added test 'flake8' to check Python code syntax and style conventions
[0.870s] -- Added test 'lint_cmake' to check CMake code style
[0.870s] -- Added test 'pep257' to check Python code against some of the docstring style conventions in PEP 257
[0.871s] -- Added test 'uncrustify' to check C / C++ code style
[0.871s] -- Configured uncrustify additional arguments: 
[0.871s] -- Added test 'xmllint' to check XML markup files
[0.872s] -- Configuring done
[0.885s] -- Generating done
[0.886s] -- Build files have been written to: /home/jang/2024_7Dof/build/culjaco
[0.933s] [35m[1mConsolidate compiler generated dependencies of target forward[0m
[0.938s] [35m[1mConsolidate compiler generated dependencies of target forward_node[0m
[0.940s] [35m[1mConsolidate compiler generated dependencies of target listener[0m
[0.944s] [35m[1mConsolidate compiler generated dependencies of target talker[0m
[0.962s] [ 10%] [32mBuilding CXX object CMakeFiles/jaco_node.dir/src/cul_jaco.cpp.o[0m
[0.969s] [ 30%] Built target forward
[0.972s] [ 50%] Built target listener
[0.978s] [ 60%] [32mBuilding CXX object CMakeFiles/forward_node.dir/src/forward_node.cpp.o[0m
[0.979s] [ 70%] [32mBuilding CXX object CMakeFiles/talker.dir/src/publisher_member_function.cpp.o[0m
[2.865s] [01m[K/home/jang/2024_7Dof/src/culjaco/src/cul_jaco.cpp:10:5:[m[K [01;31m[Kerror: [m[KISO C++ forbids declaration of â€˜[01m[KMinimalSubscriber[m[Kâ€™ with no type [[01;31m[K]8;;https://gcc.gnu.org/onlinedocs/gcc/Warning-Options.html#index-fpermissive-fpermissive]8;;[m[K]
[2.865s]    10 |     [01;31m[KMinimalSubscriber[m[K()
[2.865s]       |     [01;31m[K^~~~~~~~~~~~~~~~~[m[K
[2.895s] [01m[K/home/jang/2024_7Dof/src/culjaco/src/cul_jaco.cpp:[m[K In member function â€˜[01m[Kint jaco_node::MinimalSubscriber()[m[Kâ€™:
[2.896s] [01m[K/home/jang/2024_7Dof/src/culjaco/src/cul_jaco.cpp:11:7:[m[K [01;31m[Kerror: [m[Konly constructors take member initializers
[2.896s]    11 |     : [01;31m[KNode[m[K("jaco_node")
[2.896s]       |       [01;31m[K^~~~[m[K
[2.896s] [01m[K/home/jang/2024_7Dof/src/culjaco/src/cul_jaco.cpp:14:30:[m[K [01;31m[Kerror: [m[Kâ€˜[01m[KMinimalSubscriber[m[Kâ€™ is not a class, namespace, or enumeration
[2.896s]    14 |       "jaco", 10, std::bind(&[01;31m[KMinimalSubscriber[m[K::topic_callback, this, _1));
[2.896s]       |                              [01;31m[K^~~~~~~~~~~~~~~~~[m[K
[2.896s] [01m[K/home/jang/2024_7Dof/src/culjaco/src/cul_jaco.cpp:15:5:[m[K [01;35m[Kwarning: [m[Kno return statement in function returning non-void [[01;35m[K]8;;https://gcc.gnu.org/onlinedocs/gcc/Warning-Options.html#index-Wreturn-type-Wreturn-type]8;;[m[K]
[2.896s]    15 |     [01;35m[K}[m[K
[2.896s]       |     [01;35m[K^[m[K
[2.902s] [01m[K/home/jang/2024_7Dof/src/culjaco/src/cul_jaco.cpp:[m[K In function â€˜[01m[Kint main(int, char**)[m[Kâ€™:
[2.902s] [01m[K/home/jang/2024_7Dof/src/culjaco/src/cul_jaco.cpp:28:33:[m[K [01;31m[Kerror: [m[Kâ€˜[01m[KMinimalSubscriber[m[Kâ€™ was not declared in this scope
[2.902s]    28 |   rclcpp::spin(std::make_shared<[01;31m[KMinimalSubscriber[m[K>());
[2.902s]       |                                 [01;31m[K^~~~~~~~~~~~~~~~~[m[K
[2.902s] [01m[K/home/jang/2024_7Dof/src/culjaco/src/cul_jaco.cpp:28:51:[m[K [01;31m[Kerror: [m[Kno matching function for call to â€˜[01m[Kmake_shared<<expression error> >()[m[Kâ€™
[2.902s]    28 |   rclcpp::spin([01;31m[Kstd::make_shared<MinimalSubscriber>()[m[K);
[2.902s]       |                [01;31m[K~~~~~~~~~~~~~~~~~~~~~~~~~~~~~~~~~~~^~[m[K
[2.902s] In file included from [01m[K/usr/include/c++/11/memory:77[m[K,
[2.902s]                  from [01m[K/home/jang/2024_7Dof/src/culjaco/src/cul_jaco.cpp:1[m[K:
[2.902s] [01m[K/usr/include/c++/11/bits/shared_ptr.h:875:5:[m[K [01;36m[Knote: [m[Kcandidate: â€˜[01m[Ktemplate<class _Tp, class ... _Args> std::shared_ptr<_Tp> std::make_shared(_Args&& ...)[m[Kâ€™
[2.902s]   875 |     [01;36m[Kmake_shared[m[K(_Args&&... __args)
[2.903s]       |     [01;36m[K^~~~~~~~~~~[m[K
[2.903s] [01m[K/usr/include/c++/11/bits/shared_ptr.h:875:5:[m[K [01;36m[Knote: [m[K  template argument deduction/substitution failed:
[2.903s] [01m[K/home/jang/2024_7Dof/src/culjaco/src/cul_jaco.cpp:28:51:[m[K [01;31m[Kerror: [m[Ktemplate argument 1 is invalid
[2.903s]    28 |   rclcpp::spin([01;31m[Kstd::make_shared<MinimalSubscriber>()[m[K);
[2.903s]       |                [01;31m[K~~~~~~~~~~~~~~~~~~~~~~~~~~~~~~~~~~~^~[m[K
[3.241s] gmake[2]: *** [CMakeFiles/jaco_node.dir/build.make:76: CMakeFiles/jaco_node.dir/src/cul_jaco.cpp.o] Error 1
[3.241s] gmake[1]: *** [CMakeFiles/Makefile2:249: CMakeFiles/jaco_node.dir/all] Error 2
[3.241s] gmake[1]: *** Waiting for unfinished jobs....
[5.462s] [ 80%] [32m[1mLinking CXX executable talker[0m
[5.558s] [ 80%] Built target talker
[6.602s] [ 90%] [32m[1mLinking CXX executable forward_node[0m
[6.688s] [ 90%] Built target forward_node
[6.689s] gmake: *** [Makefile:146: all] Error 2
[6.691s] Invoked command in '/home/jang/2024_7Dof/build/culjaco' returned '2': CMAKE_PREFIX_PATH=${CMAKE_PREFIX_PATH}:/home/jang/2024_7Dof/install/apf_nodes:/opt/ros/humble /usr/bin/cmake --build /home/jang/2024_7Dof/build/culjaco -- -j16 -l16
