[0.165s] Invoking command in '/home/jang/2024_7Dof/build/culjaco': CMAKE_PREFIX_PATH=${CMAKE_PREFIX_PATH}:/home/jang/2024_7Dof/install/apf_nodes:/opt/ros/humble /usr/bin/cmake --build /home/jang/2024_7Dof/build/culjaco -- -j16 -l16
[0.200s] [35m[1mConsolidate compiler generated dependencies of target jaco_node[0m
[0.210s] [ 20%] Built target forward
[0.211s] [ 40%] Built target listener
[0.215s] [ 60%] Built target forward_node
[0.217s] [ 70%] [32mBuilding CXX object CMakeFiles/jaco_node.dir/src/cul_jaco.cpp.o[0m
[0.218s] [ 90%] Built target talker
[1.676s] [01m[K/home/jang/2024_7Dof/src/culjaco/src/cul_jaco.cpp:[m[K In constructor â€˜[01m[Kjaco_node::jaco_node()[m[Kâ€™:
[1.676s] [01m[K/home/jang/2024_7Dof/src/culjaco/src/cul_jaco.cpp:28:9:[m[K [01;31m[Kerror: [m[Kunable to find numeric literal operator â€˜[01m[Koperator""ms[m[Kâ€™
[1.676s]    28 |         [01;31m[K500ms[m[K, std::bind(&jaco_node::timer_callback, this));
[1.676s]       |         [01;31m[K^~~~~[m[K
[3.203s] gmake[2]: *** [CMakeFiles/jaco_node.dir/build.make:76: CMakeFiles/jaco_node.dir/src/cul_jaco.cpp.o] Error 1
[3.204s] gmake[1]: *** [CMakeFiles/Makefile2:249: CMakeFiles/jaco_node.dir/all] Error 2
[3.204s] gmake: *** [Makefile:146: all] Error 2
[3.206s] Invoked command in '/home/jang/2024_7Dof/build/culjaco' returned '2': CMAKE_PREFIX_PATH=${CMAKE_PREFIX_PATH}:/home/jang/2024_7Dof/install/apf_nodes:/opt/ros/humble /usr/bin/cmake --build /home/jang/2024_7Dof/build/culjaco -- -j16 -l16
