[01m[K/home/jang/2024_7Dof/src/culjaco/src/cul_jaco.cpp:[m[K In constructor â€˜[01m[Kjaco_node::jaco_node()[m[Kâ€™:
[01m[K/home/jang/2024_7Dof/src/culjaco/src/cul_jaco.cpp:29:9:[m[K [01;31m[Kerror: [m[Kâ€˜[01m[Kpublisher_link_pose[m[Kâ€™ was not declared in this scope
   29 |         [01;31m[Kpublisher_link_pose[m[K = this->create_publisher<std_msgs::msg::String>("/link_pose", 10);
      |         [01;31m[K^~~~~~~~~~~~~~~~~~~[m[K
[01m[K/home/jang/2024_7Dof/src/culjaco/src/cul_jaco.cpp:[m[K In member function â€˜[01m[Kvoid jaco_node::timer_callback()[m[Kâ€™:
[01m[K/home/jang/2024_7Dof/src/culjaco/src/cul_jaco.cpp:62:7:[m[K [01;31m[Kerror: [m[Kâ€˜[01m[Kpublisher_link_pose[m[Kâ€™ was not declared in this scope
   62 |       [01;31m[Kpublisher_link_pose[m[K->publish(message);
      |       [01;31m[K^~~~~~~~~~~~~~~~~~~[m[K
gmake[2]: *** [CMakeFiles/jaco_node.dir/build.make:76: CMakeFiles/jaco_node.dir/src/cul_jaco.cpp.o] Error 1
gmake[1]: *** [CMakeFiles/Makefile2:249: CMakeFiles/jaco_node.dir/all] Error 2
gmake: *** [Makefile:146: all] Error 2
