[35m[1mConsolidate compiler generated dependencies of target jaco_node[0m
[ 20%] Built target forward
[ 40%] Built target listener
[ 60%] Built target talker
[ 80%] Built target forward_node
[ 90%] [32mBuilding CXX object CMakeFiles/jaco_node.dir/src/cul_jaco.cpp.o[0m
[01m[K/home/jang/2024_7Dof/src/culjaco/src/cul_jaco.cpp:[m[K In member function â€˜[01m[Kvoid jaco_node::joint_state_callback(const JointState&)[m[Kâ€™:
[01m[K/home/jang/2024_7Dof/src/culjaco/src/cul_jaco.cpp:139:32:[m[K [01;31m[Kerror: [m[Kâ€˜[01m[Ki[m[Kâ€™ was not declared in this scope
  139 |         output_mat << mat_arry[[01;31m[Ki[m[K].format(ros2_format);
      |                                [01;31m[K^[m[K
gmake[2]: *** [CMakeFiles/jaco_node.dir/build.make:76: CMakeFiles/jaco_node.dir/src/cul_jaco.cpp.o] Error 1
gmake[1]: *** [CMakeFiles/Makefile2:249: CMakeFiles/jaco_node.dir/all] Error 2
gmake: *** [Makefile:146: all] Error 2
