[0.166s] Invoking command in '/home/jang/2024_7Dof/build/culjaco': CMAKE_PREFIX_PATH=${CMAKE_PREFIX_PATH}:/home/jang/2024_7Dof/install/apf_nodes:/opt/ros/humble /usr/bin/cmake --build /home/jang/2024_7Dof/build/culjaco -- -j16 -l16
[0.399s] [35m[1mConsolidate compiler generated dependencies of target jaco_node[0m
[0.448s] [ 20%] Built target forward
[0.494s] [ 40%] Built target listener
[0.505s] [ 60%] Built target talker
[0.532s] [ 80%] Built target forward_node
[0.571s] [ 90%] [32mBuilding CXX object CMakeFiles/jaco_node.dir/src/cul_jaco.cpp.o[0m
[3.138s] [01m[K/home/jang/2024_7Dof/src/culjaco/src/cul_jaco.cpp:[m[K In member function â€˜[01m[Kvoid jaco_node::joint_state_callback(const JointState&)[m[Kâ€™:
[3.139s] [01m[K/home/jang/2024_7Dof/src/culjaco/src/cul_jaco.cpp:139:32:[m[K [01;31m[Kerror: [m[Kâ€˜[01m[Ki[m[Kâ€™ was not declared in this scope
[3.139s]   139 |         output_mat << mat_arry[[01;31m[Ki[m[K].format(ros2_format);
[3.139s]       |                                [01;31m[K^[m[K
[6.300s] gmake[2]: *** [CMakeFiles/jaco_node.dir/build.make:76: CMakeFiles/jaco_node.dir/src/cul_jaco.cpp.o] Error 1
[6.300s] gmake[1]: *** [CMakeFiles/Makefile2:249: CMakeFiles/jaco_node.dir/all] Error 2
[6.301s] gmake: *** [Makefile:146: all] Error 2
[6.304s] Invoked command in '/home/jang/2024_7Dof/build/culjaco' returned '2': CMAKE_PREFIX_PATH=${CMAKE_PREFIX_PATH}:/home/jang/2024_7Dof/install/apf_nodes:/opt/ros/humble /usr/bin/cmake --build /home/jang/2024_7Dof/build/culjaco -- -j16 -l16
