[0.170s] Invoking command in '/home/jang/2024_7Dof/build/culjaco': CMAKE_PREFIX_PATH=${CMAKE_PREFIX_PATH}:/home/jang/2024_7Dof/install/apf_nodes:/opt/ros/humble /usr/bin/cmake --build /home/jang/2024_7Dof/build/culjaco -- -j16 -l16
[0.303s] [35m[1mConsolidate compiler generated dependencies of target jaco_node[0m
[0.353s] [ 20%] Built target forward
[0.403s] [ 40%] Built target listener
[0.412s] [ 90%] [32mBuilding CXX object CMakeFiles/jaco_node.dir/src/cul_jaco.cpp.o[0m
[0.413s] [ 60%] Built target talker
[0.413s] [ 90%] Built target forward_node
[2.155s] [01m[K/home/jang/2024_7Dof/src/culjaco/src/cul_jaco.cpp:[m[K In constructor â€˜[01m[Kjaco_node::jaco_node()[m[Kâ€™:
[2.155s] [01m[K/home/jang/2024_7Dof/src/culjaco/src/cul_jaco.cpp:18:57:[m[K [01;31m[Kerror: [m[Kexpected primary-expression before â€˜[01m[K.[m[Kâ€™ token
[2.155s]    18 |       double joint_position[sensor_msgs::msg::JointState[01;31m[K.[m[Kposition.size()] = {0,};
[2.155s]       |                                                         [01;31m[K^[m[K
[3.673s] gmake[2]: *** [CMakeFiles/jaco_node.dir/build.make:76: CMakeFiles/jaco_node.dir/src/cul_jaco.cpp.o] Error 1
[3.673s] gmake[1]: *** [CMakeFiles/Makefile2:249: CMakeFiles/jaco_node.dir/all] Error 2
[3.673s] gmake: *** [Makefile:146: all] Error 2
[3.675s] Invoked command in '/home/jang/2024_7Dof/build/culjaco' returned '2': CMAKE_PREFIX_PATH=${CMAKE_PREFIX_PATH}:/home/jang/2024_7Dof/install/apf_nodes:/opt/ros/humble /usr/bin/cmake --build /home/jang/2024_7Dof/build/culjaco -- -j16 -l16
