[0.158s] Invoking command in '/home/jang/2024_7Dof/build/culjaco': CMAKE_PREFIX_PATH=${CMAKE_PREFIX_PATH}:/home/jang/2024_7Dof/install/apf_nodes:/opt/ros/humble /usr/bin/cmake --build /home/jang/2024_7Dof/build/culjaco -- -j16 -l16
[0.306s] [35m[1mConsolidate compiler generated dependencies of target jaco_node[0m
[0.354s] [ 20%] Built target forward
[0.368s] [ 40%] Built target talker
[0.381s] [ 60%] Built target forward_node
[0.387s] [ 80%] Built target listener
[0.405s] [ 90%] [32mBuilding CXX object CMakeFiles/jaco_node.dir/src/cul_jaco.cpp.o[0m
[2.362s] [01m[K/home/jang/2024_7Dof/src/culjaco/src/cul_jaco.cpp:[m[K In constructor â€˜[01m[Kjaco_node::jaco_node()[m[Kâ€™:
[2.363s] [01m[K/home/jang/2024_7Dof/src/culjaco/src/cul_jaco.cpp:19:9:[m[K [01;31m[Kerror: [m[Kâ€˜[01m[Kjoint_position[m[Kâ€™ was not declared in this scope
[2.363s]    19 |         [01;31m[Kjoint_position[m[K = std::vector<double>();
[2.363s]       |         [01;31m[K^~~~~~~~~~~~~~[m[K
[3.832s] gmake[2]: *** [CMakeFiles/jaco_node.dir/build.make:76: CMakeFiles/jaco_node.dir/src/cul_jaco.cpp.o] Error 1
[3.832s] gmake[1]: *** [CMakeFiles/Makefile2:249: CMakeFiles/jaco_node.dir/all] Error 2
[3.832s] gmake: *** [Makefile:146: all] Error 2
[3.834s] Invoked command in '/home/jang/2024_7Dof/build/culjaco' returned '2': CMAKE_PREFIX_PATH=${CMAKE_PREFIX_PATH}:/home/jang/2024_7Dof/install/apf_nodes:/opt/ros/humble /usr/bin/cmake --build /home/jang/2024_7Dof/build/culjaco -- -j16 -l16
