[01m[K/home/jang/2024_7Dof/src/culjaco/src/cul_jaco.cpp:[m[K In constructor â€˜[01m[Kjaco_node::jaco_node()[m[Kâ€™:
[01m[K/home/jang/2024_7Dof/src/culjaco/src/cul_jaco.cpp:18:57:[m[K [01;31m[Kerror: [m[Kexpected primary-expression before â€˜[01m[K.[m[Kâ€™ token
   18 |       double joint_position[sensor_msgs::msg::JointState[01;31m[K.[m[Kposition.size()] = [0,];
      |                                                         [01;31m[K^[m[K
[01m[K/home/jang/2024_7Dof/src/culjaco/src/cul_jaco.cpp:18:78:[m[K [01;31m[Kerror: [m[Kexpected identifier before numeric constant
   18 |       double joint_position[sensor_msgs::msg::JointState.position.size()] = [[01;31m[K0[m[K,];
      |                                                                              [01;31m[K^[m[K
[01m[K/home/jang/2024_7Dof/src/culjaco/src/cul_jaco.cpp:18:79:[m[K [01;31m[Kerror: [m[Kexpected â€˜[01m[K][m[Kâ€™ before â€˜[01m[K,[m[Kâ€™ token
   18 |       double joint_position[sensor_msgs::msg::JointState.position.size()] = [0[01;31m[K,[m[K];
      |                                                                               [01;31m[K^[m[K
[01m[K/home/jang/2024_7Dof/src/culjaco/src/cul_jaco.cpp:[m[K In lambda function:
[01m[K/home/jang/2024_7Dof/src/culjaco/src/cul_jaco.cpp:18:79:[m[K [01;31m[Kerror: [m[Kexpected â€˜[01m[K{[m[Kâ€™ before â€˜[01m[K,[m[Kâ€™ token
[01m[K/home/jang/2024_7Dof/src/culjaco/src/cul_jaco.cpp:[m[K In constructor â€˜[01m[Kjaco_node::jaco_node()[m[Kâ€™:
[01m[K/home/jang/2024_7Dof/src/culjaco/src/cul_jaco.cpp:18:80:[m[K [01;31m[Kerror: [m[Kexpected unqualified-id before â€˜[01m[K][m[Kâ€™ token
   18 |       double joint_position[sensor_msgs::msg::JointState.position.size()] = [0,[01;31m[K][m[K;
      |                                                                                [01;31m[K^[m[K
gmake[2]: *** [CMakeFiles/jaco_node.dir/build.make:76: CMakeFiles/jaco_node.dir/src/cul_jaco.cpp.o] Error 1
gmake[1]: *** [CMakeFiles/Makefile2:249: CMakeFiles/jaco_node.dir/all] Error 2
gmake: *** [Makefile:146: all] Error 2
