[0.020s] Invoking command in '/home/jang/2024_7Dof/build/apf_interfaces': CMAKE_PREFIX_PATH=${CMAKE_PREFIX_PATH}:/home/jang/2024_7Dof/install/apf_nodes:/opt/ros/humble /usr/bin/cmake --build /home/jang/2024_7Dof/build/apf_interfaces -- -j16 -l16
[0.186s] -- Found ament_cmake: 1.3.10 (/opt/ros/humble/share/ament_cmake/cmake)
[0.186s] -- Override CMake install command with custom implementation using symlinks instead of copying resources
[0.186s] -- Found ament_lint_auto: 0.12.11 (/opt/ros/humble/share/ament_lint_auto/cmake)
[0.187s] -- Found geometry_msgs: 4.2.4 (/opt/ros/humble/share/geometry_msgs/cmake)
[0.207s] -- Found rosidl_generator_c: 3.1.5 (/opt/ros/humble/share/rosidl_generator_c/cmake)
[0.208s] -- Found rosidl_adapter: 3.1.5 (/opt/ros/humble/share/rosidl_adapter/cmake)
[0.234s] -- Found rosidl_generator_cpp: 3.1.5 (/opt/ros/humble/share/rosidl_generator_cpp/cmake)
[0.276s] -- Using all available rosidl_typesupport_c: rosidl_typesupport_fastrtps_c;rosidl_typesupport_introspection_c
[0.353s] -- Using all available rosidl_typesupport_cpp: rosidl_typesupport_fastrtps_cpp;rosidl_typesupport_introspection_cpp
[0.402s] -- Found rosidl_default_generators: 1.2.0 (/opt/ros/humble/share/rosidl_default_generators/cmake)
[0.714s] [31mCMake Error at /opt/ros/humble/share/rosidl_adapter/cmake/rosidl_adapt_interfaces.cmake:59 (message):
[0.714s]   execute_process(/usr/bin/python3 -m rosidl_adapter --package-name
[0.714s]   apf_interfaces --arguments-file
[0.714s]   /home/jang/2024_7Dof/build/apf_interfaces/rosidl_adapter__arguments__apf_interfaces.json
[0.714s]   --output-dir
[0.714s]   /home/jang/2024_7Dof/build/apf_interfaces/rosidl_adapter/apf_interfaces
[0.715s]   --output-file
[0.715s]   /home/jang/2024_7Dof/build/apf_interfaces/rosidl_adapter/apf_interfaces.idls)
[0.715s]   returned error code 1:
[0.715s] 
[0.715s]   Error processing 'float64 obstacle_distance[]' of
[0.715s]   'apf_interfaces/Distance': ''obstacle_distance[]' is an invalid field name.
[0.715s]   It should have the pattern '^(?!.*__)(?!.*_$)[a-z][a-z0-9_]*$''
[0.715s] 
[0.715s]   Traceback (most recent call last):
[0.715s] 
[0.715s]     File "/usr/lib/python3.10/runpy.py", line 196, in _run_module_as_main
[0.715s]       return _run_code(code, main_globals, None,
[0.716s]     File "/usr/lib/python3.10/runpy.py", line 86, in _run_code
[0.716s]       exec(code, run_globals)
[0.716s]     File "/opt/ros/humble/local/lib/python3.10/dist-packages/rosidl_adapter/__main__.py", line 19, in <module>
[0.716s]       sys.exit(main())
[0.716s]     File "/opt/ros/humble/local/lib/python3.10/dist-packages/rosidl_adapter/main.py", line 53, in main
[0.716s]       abs_idl_file = convert_to_idl(
[0.716s]     File "/opt/ros/humble/local/lib/python3.10/dist-packages/rosidl_adapter/__init__.py", line 19, in convert_to_idl
[0.716s]       return convert_msg_to_idl(
[0.716s]     File "/opt/ros/humble/local/lib/python3.10/dist-packages/rosidl_adapter/msg/__init__.py", line 28, in convert_msg_to_idl
[0.716s]       msg = parse_message_string(package_name, input_file.stem, content)
[0.716s]     File "/opt/ros/humble/local/lib/python3.10/dist-packages/rosidl_adapter/parser.py", line 519, in parse_message_string
[0.716s]       fields.append(Field(
[0.717s]     File "/opt/ros/humble/local/lib/python3.10/dist-packages/rosidl_adapter/parser.py", line 354, in __init__
[0.717s]       raise NameError(
[0.717s] 
[0.717s]   NameError: 'obstacle_distance[]' is an invalid field name.  It should have
[0.717s]   the pattern '^(?!.*__)(?!.*_$)[a-z][a-z0-9_]*$'
[0.717s] 
[0.717s] Call Stack (most recent call first):
[0.717s]   /opt/ros/humble/share/rosidl_cmake/cmake/rosidl_generate_interfaces.cmake:130 (rosidl_adapt_interfaces)
[0.717s]   CMakeLists.txt:30 (rosidl_generate_interfaces)
[0.717s] 
[0.718s] [0m
[0.719s] -- Configuring incomplete, errors occurred!
[0.719s] See also "/home/jang/2024_7Dof/build/apf_interfaces/CMakeFiles/CMakeOutput.log".
[0.728s] gmake: *** [Makefile:963: cmake_check_build_system] Error 1
[0.731s] Invoked command in '/home/jang/2024_7Dof/build/apf_interfaces' returned '2': CMAKE_PREFIX_PATH=${CMAKE_PREFIX_PATH}:/home/jang/2024_7Dof/install/apf_nodes:/opt/ros/humble /usr/bin/cmake --build /home/jang/2024_7Dof/build/apf_interfaces -- -j16 -l16
