[0.176s] Invoking command in '/home/jang/2024_7Dof/build/culjaco': CMAKE_PREFIX_PATH=${CMAKE_PREFIX_PATH}:/home/jang/2024_7Dof/install/apf_nodes:/opt/ros/humble /usr/bin/cmake --build /home/jang/2024_7Dof/build/culjaco -- -j16 -l16
[0.415s] [ 20%] Built target forward
[0.457s] [ 50%] Built target forward_node
[0.459s] [ 60%] Built target listener
[0.459s] [ 80%] Built target talker
[0.465s] [ 90%] [32mBuilding CXX object CMakeFiles/jaco_node.dir/src/cul_jaco.cpp.o[0m
[2.899s] [01m[K/home/jang/2024_7Dof/src/culjaco/src/cul_jaco.cpp:[m[K In member function â€˜[01m[Kvoid jaco_node::joint_state_callback(const JointState&)[m[Kâ€™:
[2.899s] [01m[K/home/jang/2024_7Dof/src/culjaco/src/cul_jaco.cpp:137:32:[m[K [01;31m[Kerror: [m[Kâ€˜[01m[Ki[m[Kâ€™ was not declared in this scope
[2.899s]   137 |         output_mat << mat_arry[[01;31m[Ki[m[K].format(ros2_format);
[2.899s]       |                                [01;31m[K^[m[K
[5.248s] gmake[2]: *** [CMakeFiles/jaco_node.dir/build.make:76: CMakeFiles/jaco_node.dir/src/cul_jaco.cpp.o] Error 1
[5.248s] gmake[1]: *** [CMakeFiles/Makefile2:249: CMakeFiles/jaco_node.dir/all] Error 2
[5.248s] gmake: *** [Makefile:146: all] Error 2
[5.250s] Invoked command in '/home/jang/2024_7Dof/build/culjaco' returned '2': CMAKE_PREFIX_PATH=${CMAKE_PREFIX_PATH}:/home/jang/2024_7Dof/install/apf_nodes:/opt/ros/humble /usr/bin/cmake --build /home/jang/2024_7Dof/build/culjaco -- -j16 -l16
