[0.158s] Invoking command in '/home/jang/2024_7Dof/build/culjaco': CMAKE_PREFIX_PATH=${CMAKE_PREFIX_PATH}:/home/jang/2024_7Dof/install/apf_nodes:/opt/ros/humble /usr/bin/cmake --build /home/jang/2024_7Dof/build/culjaco -- -j16 -l16
[0.340s] [35m[1mConsolidate compiler generated dependencies of target jaco_node[0m
[0.385s] [ 20%] Built target forward
[0.413s] [ 40%] Built target listener
[0.440s] [ 60%] Built target talker
[0.447s] [ 70%] [32mBuilding CXX object CMakeFiles/jaco_node.dir/src/cul_jaco.cpp.o[0m
[0.456s] [ 90%] Built target forward_node
[2.445s] [01m[K/home/jang/2024_7Dof/src/culjaco/src/cul_jaco.cpp:[m[K In member function â€˜[01m[Kvoid jaco_node::joint_state_callback(const JointState&) const[m[Kâ€™:
[2.445s] [01m[K/home/jang/2024_7Dof/src/culjaco/src/cul_jaco.cpp:36:28:[m[K [01;31m[Kerror: [m[Kassignment of read-only location â€˜[01m[K((const jaco_node*)this)->jaco_node::joint_array[i][m[Kâ€™
[2.445s]    36 |             joint_array[i] = msg.position[i];
[3.912s] gmake[2]: *** [CMakeFiles/jaco_node.dir/build.make:76: CMakeFiles/jaco_node.dir/src/cul_jaco.cpp.o] Error 1
[3.913s] gmake[1]: *** [CMakeFiles/Makefile2:249: CMakeFiles/jaco_node.dir/all] Error 2
[3.913s] gmake: *** [Makefile:146: all] Error 2
[3.915s] Invoked command in '/home/jang/2024_7Dof/build/culjaco' returned '2': CMAKE_PREFIX_PATH=${CMAKE_PREFIX_PATH}:/home/jang/2024_7Dof/install/apf_nodes:/opt/ros/humble /usr/bin/cmake --build /home/jang/2024_7Dof/build/culjaco -- -j16 -l16
