[0.163s] Invoking command in '/home/jang/2024_7Dof/build/culjaco': CMAKE_PREFIX_PATH=${CMAKE_PREFIX_PATH}:/home/jang/2024_7Dof/install/apf_nodes:/opt/ros/humble /usr/bin/cmake --build /home/jang/2024_7Dof/build/culjaco -- -j16 -l16
[0.209s] [35m[1mConsolidate compiler generated dependencies of target jaco_node[0m
[0.217s] [ 40%] Built target listener
[0.217s] [ 40%] Built target forward
[0.222s] [ 80%] Built target talker
[0.222s] [ 80%] Built target forward_node
[0.228s] [ 90%] [32mBuilding CXX object CMakeFiles/jaco_node.dir/src/cul_jaco.cpp.o[0m
[1.767s] [01m[K/home/jang/2024_7Dof/src/culjaco/src/cul_jaco.cpp:[m[K In constructor â€˜[01m[Kjaco_node::jaco_node()[m[Kâ€™:
[1.767s] [01m[K/home/jang/2024_7Dof/src/culjaco/src/cul_jaco.cpp:29:9:[m[K [01;31m[Kerror: [m[Kâ€˜[01m[Kpublisher_link_pose[m[Kâ€™ was not declared in this scope
[1.767s]    29 |         [01;31m[Kpublisher_link_pose[m[K = this->create_publisher<std_msgs::msg::String>("/link_pose", 10);
[1.767s]       |         [01;31m[K^~~~~~~~~~~~~~~~~~~[m[K
[1.782s] [01m[K/home/jang/2024_7Dof/src/culjaco/src/cul_jaco.cpp:[m[K In member function â€˜[01m[Kvoid jaco_node::timer_callback()[m[Kâ€™:
[1.782s] [01m[K/home/jang/2024_7Dof/src/culjaco/src/cul_jaco.cpp:62:7:[m[K [01;31m[Kerror: [m[Kâ€˜[01m[Kpublisher_link_pose[m[Kâ€™ was not declared in this scope
[1.782s]    62 |       [01;31m[Kpublisher_link_pose[m[K->publish(message);
[1.782s]       |       [01;31m[K^~~~~~~~~~~~~~~~~~~[m[K
[3.446s] gmake[2]: *** [CMakeFiles/jaco_node.dir/build.make:76: CMakeFiles/jaco_node.dir/src/cul_jaco.cpp.o] Error 1
[3.447s] gmake[1]: *** [CMakeFiles/Makefile2:249: CMakeFiles/jaco_node.dir/all] Error 2
[3.447s] gmake: *** [Makefile:146: all] Error 2
[3.450s] Invoked command in '/home/jang/2024_7Dof/build/culjaco' returned '2': CMAKE_PREFIX_PATH=${CMAKE_PREFIX_PATH}:/home/jang/2024_7Dof/install/apf_nodes:/opt/ros/humble /usr/bin/cmake --build /home/jang/2024_7Dof/build/culjaco -- -j16 -l16
