[35m[1mConsolidate compiler generated dependencies of target jaco_node[0m
[ 20%] Built target forward
[ 40%] Built target listener
[ 60%] Built target forward_node
[ 80%] Built target talker
[ 90%] [32mBuilding CXX object CMakeFiles/jaco_node.dir/src/cul_jaco.cpp.o[0m
In file included from [01m[K/opt/ros/humble/include/rclcpp/rclcpp/logging.hpp:24[m[K,
                 from [01m[K/opt/ros/humble/include/rclcpp/rclcpp/client.hpp:40[m[K,
                 from [01m[K/opt/ros/humble/include/rclcpp/rclcpp/callback_group.hpp:24[m[K,
                 from [01m[K/opt/ros/humble/include/rclcpp/rclcpp/any_executable.hpp:20[m[K,
                 from [01m[K/opt/ros/humble/include/rclcpp/rclcpp/memory_strategy.hpp:25[m[K,
                 from [01m[K/opt/ros/humble/include/rclcpp/rclcpp/memory_strategies.hpp:18[m[K,
                 from [01m[K/opt/ros/humble/include/rclcpp/rclcpp/executor_options.hpp:20[m[K,
                 from [01m[K/opt/ros/humble/include/rclcpp/rclcpp/executor.hpp:37[m[K,
                 from [01m[K/opt/ros/humble/include/rclcpp/rclcpp/executors/multi_threaded_executor.hpp:25[m[K,
                 from [01m[K/opt/ros/humble/include/rclcpp/rclcpp/executors.hpp:21[m[K,
                 from [01m[K/opt/ros/humble/include/rclcpp/rclcpp/rclcpp.hpp:155[m[K,
                 from [01m[K/home/jang/2024_7Dof/src/culjaco/src/cul_jaco.cpp:7[m[K:
[01m[K/home/jang/2024_7Dof/src/culjaco/src/cul_jaco.cpp:[m[K In member function â€˜[01m[Kvoid jaco_node::joint_state_callback(const JointState&)[m[Kâ€™:
[01m[K/home/jang/2024_7Dof/src/culjaco/src/cul_jaco.cpp:99:81:[m[K [01;31m[Kerror: [m[Krequest for member â€˜[01m[Kstr[m[Kâ€™ in â€˜[01m[K((jaco_node*)this)->jaco_node::joint_array[m[Kâ€™, which is of non-class type â€˜[01m[Kdouble [7][m[Kâ€™
   99 | RCLCPP_INFO(this->get_logger(), "Publishing: \n'%s'\n", joint_array.[01;31m[Kstr[m[K().c_str());
      |                                                                     [01;31m[K^~~[m[K

gmake[2]: *** [CMakeFiles/jaco_node.dir/build.make:76: CMakeFiles/jaco_node.dir/src/cul_jaco.cpp.o] Error 1
gmake[1]: *** [CMakeFiles/Makefile2:249: CMakeFiles/jaco_node.dir/all] Error 2
gmake: *** [Makefile:146: all] Error 2
