[0.008s] Invoking command in '/home/jang/2024_7Dof/build/apf_package': CMAKE_PREFIX_PATH=/home/jang/2024_7Dof/install/apf_interfaces:/home/jang/2024_7Dof/install/impedance_controller:/home/jang/2024_7Dof/install/iiwa_moveit2:/home/jang/2024_7Dof/install/iiwa_bringup:/home/jang/2024_7Dof/install/iiwa_description:/home/jang/2024_7Dof/install/external_torque_sensor_broadcaster:/home/jang/2024_7Dof/install/culjaco:/home/jang/2024_7Dof/install/apf_package:/home/jang/2024_7Dof/install/apf_nodes:/opt/ros/humble LD_LIBRARY_PATH=/home/jang/2024_7Dof/install/apf_interfaces/lib:/home/jang/2024_7Dof/install/impedance_controller/lib:/home/jang/2024_7Dof/install/iiwa_moveit2/lib:/home/jang/2024_7Dof/install/external_torque_sensor_broadcaster/lib:/usr/lib/x86_64-linux-gnu/gazebo-11/plugins:/opt/ros/humble/opt/rviz_ogre_vendor/lib:/opt/ros/humble/lib/x86_64-linux-gnu:/opt/ros/humble/lib:/usr/lib/x86_64-linux-gnu/gazebo-11/plugins /usr/bin/cmake --build /home/jang/2024_7Dof/build/apf_package -- -j16 -l16
[0.087s] [35m[1mConsolidate compiler generated dependencies of target apf_main_node[0m
[0.119s] [35m[1mConsolidate compiler generated dependencies of target cul_distance_node[0m
[0.195s] [ 33%] Built target save_jaco
[0.201s] gmake[2]: Warning: File '/home/jang/2024_7Dof/src/apf_package/src/cul_distance_node.cpp' has modification time 31471 s in the future
[0.203s] [ 50%] [32mBuilding CXX object CMakeFiles/apf_main_node.dir/src/apf_main_node.cpp.o[0m
[0.210s] [ 66%] [32mBuilding CXX object CMakeFiles/cul_distance_node.dir/src/cul_distance_node.cpp.o[0m
[2.510s] [01m[K/home/jang/2024_7Dof/src/apf_package/src/apf_main_node.cpp:[m[K In member function â€˜[01m[Kvoid apf_main_node::topic_callback(const Jacobian&)[m[Kâ€™:
[2.510s] [01m[K/home/jang/2024_7Dof/src/apf_package/src/apf_main_node.cpp:135:18:[m[K [01;35m[Kwarning: [m[Kunused variable â€˜[01m[Ktime_diff[m[Kâ€™ [[01;35m[K]8;;https://gcc.gnu.org/onlinedocs/gcc/Warning-Options.html#index-Wunused-variable-Wunused-variable]8;;[m[K]
[2.510s]   135 |             auto [01;35m[Ktime_diff[m[K = (current_time - last_msg_time_).seconds();
[2.510s]       |                  [01;35m[K^~~~~~~~~[m[K
[2.513s] [01m[K/home/jang/2024_7Dof/src/apf_package/src/apf_main_node.cpp:[m[K In member function â€˜[01m[Kvoid apf_main_node::distance_callback(const Distance&)[m[Kâ€™:
[2.513s] [01m[K/home/jang/2024_7Dof/src/apf_package/src/apf_main_node.cpp:177:13:[m[K [01;31m[Kerror: [m[Kâ€˜[01m[Kcount_value[m[Kâ€™ does not name a type
[2.513s]   177 |       catch([01;31m[Kcount_value[m[K){
[2.513s]       |             [01;31m[K^~~~~~~~~~~[m[K
[5.800s] gmake[2]: *** [CMakeFiles/apf_main_node.dir/build.make:76: CMakeFiles/apf_main_node.dir/src/apf_main_node.cpp.o] Error 1
[5.800s] gmake[1]: *** [CMakeFiles/Makefile2:141: CMakeFiles/apf_main_node.dir/all] Error 2
[5.800s] gmake[1]: *** Waiting for unfinished jobs....
[9.953s] [ 83%] [32m[1mLinking CXX executable cul_distance_node[0m
[10.097s] gmake[2]: warning:  Clock skew detected.  Your build may be incomplete.
[10.105s] [ 83%] Built target cul_distance_node
[10.106s] gmake: *** [Makefile:146: all] Error 2
[10.108s] Invoked command in '/home/jang/2024_7Dof/build/apf_package' returned '2': CMAKE_PREFIX_PATH=/home/jang/2024_7Dof/install/apf_interfaces:/home/jang/2024_7Dof/install/impedance_controller:/home/jang/2024_7Dof/install/iiwa_moveit2:/home/jang/2024_7Dof/install/iiwa_bringup:/home/jang/2024_7Dof/install/iiwa_description:/home/jang/2024_7Dof/install/external_torque_sensor_broadcaster:/home/jang/2024_7Dof/install/culjaco:/home/jang/2024_7Dof/install/apf_package:/home/jang/2024_7Dof/install/apf_nodes:/opt/ros/humble LD_LIBRARY_PATH=/home/jang/2024_7Dof/install/apf_interfaces/lib:/home/jang/2024_7Dof/install/impedance_controller/lib:/home/jang/2024_7Dof/install/iiwa_moveit2/lib:/home/jang/2024_7Dof/install/external_torque_sensor_broadcaster/lib:/usr/lib/x86_64-linux-gnu/gazebo-11/plugins:/opt/ros/humble/opt/rviz_ogre_vendor/lib:/opt/ros/humble/lib/x86_64-linux-gnu:/opt/ros/humble/lib:/usr/lib/x86_64-linux-gnu/gazebo-11/plugins /usr/bin/cmake --build /home/jang/2024_7Dof/build/apf_package -- -j16 -l16
