[35m[1mConsolidate compiler generated dependencies of target apf_main_node[0m
[35m[1mConsolidate compiler generated dependencies of target cul_distance_node[0m
[ 33%] Built target save_jaco
gmake[2]: Warning: File '/home/jang/2024_7Dof/src/apf_package/src/cul_distance_node.cpp' has modification time 31573 s in the future
[ 50%] [32mBuilding CXX object CMakeFiles/apf_main_node.dir/src/apf_main_node.cpp.o[0m
[ 66%] [32mBuilding CXX object CMakeFiles/cul_distance_node.dir/src/cul_distance_node.cpp.o[0m
[01m[K/home/jang/2024_7Dof/src/apf_package/src/apf_main_node.cpp:[m[K In member function â€˜[01m[Kvoid apf_main_node::topic_callback(const Jacobian&)[m[Kâ€™:
[01m[K/home/jang/2024_7Dof/src/apf_package/src/apf_main_node.cpp:135:18:[m[K [01;35m[Kwarning: [m[Kunused variable â€˜[01m[Ktime_diff[m[Kâ€™ [[01;35m[K]8;;https://gcc.gnu.org/onlinedocs/gcc/Warning-Options.html#index-Wunused-variable-Wunused-variable]8;;[m[K]
  135 |             auto [01;35m[Ktime_diff[m[K = (current_time - last_msg_time_).seconds();
      |                  [01;35m[K^~~~~~~~~[m[K
[01m[K/home/jang/2024_7Dof/src/apf_package/src/apf_main_node.cpp:[m[K In member function â€˜[01m[Kvoid apf_main_node::distance_callback(const Distance&)[m[Kâ€™:
[01m[K/home/jang/2024_7Dof/src/apf_package/src/apf_main_node.cpp:177:13:[m[K [01;31m[Kerror: [m[Kexpected type-specifier before â€˜[01m[K)[m[Kâ€™ token
  177 |       catch([01;31m[K)[m[K{
      |             [01;31m[K^[m[K
gmake[2]: *** [CMakeFiles/apf_main_node.dir/build.make:76: CMakeFiles/apf_main_node.dir/src/apf_main_node.cpp.o] Error 1
gmake[1]: *** [CMakeFiles/Makefile2:141: CMakeFiles/apf_main_node.dir/all] Error 2
gmake[1]: *** Waiting for unfinished jobs....
[ 83%] [32m[1mLinking CXX executable cul_distance_node[0m
gmake[2]: warning:  Clock skew detected.  Your build may be incomplete.
[ 83%] Built target cul_distance_node
gmake: *** [Makefile:146: all] Error 2
