[0.168s] Invoking command in '/home/jang/2024_7Dof/build/culjaco': CMAKE_PREFIX_PATH=${CMAKE_PREFIX_PATH}:/home/jang/2024_7Dof/install/apf_nodes:/opt/ros/humble /usr/bin/cmake --build /home/jang/2024_7Dof/build/culjaco -- -j16 -l16
[0.392s] [35m[1mConsolidate compiler generated dependencies of target jaco_node[0m
[0.428s] [ 20%] Built target forward
[0.453s] [ 40%] Built target listener
[0.470s] [ 60%] Built target talker
[0.481s] [ 80%] Built target forward_node
[0.534s] [ 90%] [32mBuilding CXX object CMakeFiles/jaco_node.dir/src/cul_jaco.cpp.o[0m
[3.088s] [01m[K/home/jang/2024_7Dof/src/culjaco/src/cul_jaco.cpp:[m[K In member function â€˜[01m[Kvoid jaco_node::joint_state_callback(const JointState&)[m[Kâ€™:
[3.089s] [01m[K/home/jang/2024_7Dof/src/culjaco/src/cul_jaco.cpp:138:40:[m[K [01;31m[Kerror: [m[Kexpected â€˜[01m[K,[m[Kâ€™ or â€˜[01m[K;[m[Kâ€™ before â€˜[01m[K<<[m[Kâ€™ token
[3.089s]   138 |         Eigen::MatrixXd angle_vel(7,1) [01;31m[K<<[m[K 0.0, 1.57, 0.0, 1.57, 0.0, 0.0, 0.0;
[3.089s]       |                                        [01;31m[K^~[m[K
[5.253s] gmake[2]: *** [CMakeFiles/jaco_node.dir/build.make:76: CMakeFiles/jaco_node.dir/src/cul_jaco.cpp.o] Error 1
[5.253s] gmake[1]: *** [CMakeFiles/Makefile2:249: CMakeFiles/jaco_node.dir/all] Error 2
[5.253s] gmake: *** [Makefile:146: all] Error 2
[5.256s] Invoked command in '/home/jang/2024_7Dof/build/culjaco' returned '2': CMAKE_PREFIX_PATH=${CMAKE_PREFIX_PATH}:/home/jang/2024_7Dof/install/apf_nodes:/opt/ros/humble /usr/bin/cmake --build /home/jang/2024_7Dof/build/culjaco -- -j16 -l16
