[35m[1mConsolidate compiler generated dependencies of target jaco_node[0m
[ 20%] Built target forward
[ 40%] Built target talker
[ 60%] Built target forward_node
[ 80%] Built target listener
[ 90%] [32mBuilding CXX object CMakeFiles/jaco_node.dir/src/cul_jaco.cpp.o[0m
[01m[K/home/jang/2024_7Dof/src/culjaco/src/cul_jaco.cpp:[m[K In constructor â€˜[01m[Kjaco_node::jaco_node()[m[Kâ€™:
[01m[K/home/jang/2024_7Dof/src/culjaco/src/cul_jaco.cpp:21:54:[m[K [01;31m[Kerror: [m[Kexpected class-name before â€˜[01m[K([m[Kâ€™ token
   21 |     : Node("jaco_node"), std::chrono_literals::count_[01;31m[K([m[K0)
      |                                                      [01;31m[K^[m[K
[01m[K/home/jang/2024_7Dof/src/culjaco/src/cul_jaco.cpp:21:54:[m[K [01;31m[Kerror: [m[Kexpected â€˜[01m[K{[m[Kâ€™ before â€˜[01m[K([m[Kâ€™ token
gmake[2]: *** [CMakeFiles/jaco_node.dir/build.make:76: CMakeFiles/jaco_node.dir/src/cul_jaco.cpp.o] Error 1
gmake[1]: *** [CMakeFiles/Makefile2:249: CMakeFiles/jaco_node.dir/all] Error 2
gmake: *** [Makefile:146: all] Error 2
