[0.162s] Invoking command in '/home/jang/2024_7Dof/build/apf_package': CMAKE_PREFIX_PATH=${CMAKE_PREFIX_PATH}:/home/jang/2024_7Dof/install/apf_nodes:/opt/ros/humble /usr/bin/cmake --build /home/jang/2024_7Dof/build/apf_package -- -j16 -l16
[0.180s] -- Found ament_cmake: 1.3.10 (/opt/ros/humble/share/ament_cmake/cmake)
[0.286s] -- Override CMake install command with custom implementation using symlinks instead of copying resources
[0.289s] -- Found rclcpp: 16.0.10 (/opt/ros/humble/share/rclcpp/cmake)
[0.310s] -- Found rosidl_generator_c: 3.1.5 (/opt/ros/humble/share/rosidl_generator_c/cmake)
[0.311s] -- Found rosidl_adapter: 3.1.5 (/opt/ros/humble/share/rosidl_adapter/cmake)
[0.316s] -- Found rosidl_generator_cpp: 3.1.5 (/opt/ros/humble/share/rosidl_generator_cpp/cmake)
[0.324s] -- Using all available rosidl_typesupport_c: rosidl_typesupport_fastrtps_c;rosidl_typesupport_introspection_c
[0.332s] -- Using all available rosidl_typesupport_cpp: rosidl_typesupport_fastrtps_cpp;rosidl_typesupport_introspection_cpp
[0.353s] -- Found rmw_implementation_cmake: 6.1.2 (/opt/ros/humble/share/rmw_implementation_cmake/cmake)
[0.354s] -- Found rmw_fastrtps_cpp: 6.2.7 (/opt/ros/humble/share/rmw_fastrtps_cpp/cmake)
[0.439s] -- Using RMW implementation 'rmw_fastrtps_cpp' as default
[0.478s] -- Found ament_lint_auto: 0.12.11 (/opt/ros/humble/share/ament_lint_auto/cmake)
[0.528s] -- Added test 'cppcheck' to perform static code analysis on C / C++ code
[0.528s] -- Configured cppcheck include dirs: $<BUILD_INTERFACE:/home/jang/2024_7Dof/src/apf_package/include>
[0.528s] -- Configured cppcheck exclude dirs and/or files: 
[0.528s] -- Added test 'lint_cmake' to check CMake code style
[0.528s] -- Added test 'uncrustify' to check C / C++ code style
[0.528s] -- Configured uncrustify additional arguments: 
[0.528s] -- Added test 'xmllint' to check XML markup files
[0.529s] -- Configuring done
[0.537s] -- Generating done
[0.538s] -- Build files have been written to: /home/jang/2024_7Dof/build/apf_package
[0.565s] [35m[1mConsolidate compiler generated dependencies of target apf_main_node[0m
[0.576s] [ 25%] [32mBuilding CXX object CMakeFiles/cul_distance_node.dir/src/cul_distance_node.cpp.o[0m
[0.582s] [ 75%] Built target apf_main_node
[2.040s] [01m[K/home/jang/2024_7Dof/src/apf_package/src/cul_distance_node.cpp:10:5:[m[K [01;31m[Kerror: [m[KISO C++ forbids declaration of â€˜[01m[Kapf_main_node[m[Kâ€™ with no type [[01;31m[K]8;;https://gcc.gnu.org/onlinedocs/gcc/Warning-Options.html#index-fpermissive-fpermissive]8;;[m[K]
[2.040s]    10 |     [01;31m[Kapf_main_node[m[K()
[2.040s]       |     [01;31m[K^~~~~~~~~~~~~[m[K
[2.065s] [01m[K/home/jang/2024_7Dof/src/apf_package/src/cul_distance_node.cpp:[m[K In member function â€˜[01m[Kint cul_distance_node::apf_main_node()[m[Kâ€™:
[2.065s] [01m[K/home/jang/2024_7Dof/src/apf_package/src/cul_distance_node.cpp:11:7:[m[K [01;31m[Kerror: [m[Konly constructors take member initializers
[2.065s]    11 |     : [01;31m[KNode[m[K("cul_distance_node")
[2.065s]       |       [01;31m[K^~~~[m[K
[2.070s] [01m[K/home/jang/2024_7Dof/src/apf_package/src/cul_distance_node.cpp:15:5:[m[K [01;35m[Kwarning: [m[Kno return statement in function returning non-void [[01;35m[K]8;;https://gcc.gnu.org/onlinedocs/gcc/Warning-Options.html#index-Wreturn-type-Wreturn-type]8;;[m[K]
[2.070s]    15 |     [01;35m[K}[m[K
[2.071s]       |     [01;35m[K^[m[K
[2.480s] In file included from [01m[K/usr/include/x86_64-linux-gnu/c++/11/bits/c++allocator.h:33[m[K,
[2.480s]                  from [01m[K/usr/include/c++/11/bits/allocator.h:46[m[K,
[2.480s]                  from [01m[K/usr/include/c++/11/memory:64[m[K,
[2.480s]                  from [01m[K/home/jang/2024_7Dof/src/apf_package/src/cul_distance_node.cpp:1[m[K:
[2.480s] /usr/include/c++/11/ext/new_allocator.h: In instantiation of â€˜[01m[Kvoid __gnu_cxx::new_allocator<_Tp>::construct(_Up*, _Args&& ...) [with _Up = cul_distance_node; _Args = {}; _Tp = cul_distance_node][m[Kâ€™:
[2.480s] [01m[K/usr/include/c++/11/bits/alloc_traits.h:516:17:[m[K   required from â€˜[01m[Kstatic void std::allocator_traits<std::allocator<_Tp1> >::construct(std::allocator_traits<std::allocator<_Tp1> >::allocator_type&, _Up*, _Args&& ...) [with _Up = cul_distance_node; _Args = {}; _Tp = cul_distance_node; std::allocator_traits<std::allocator<_Tp1> >::allocator_type = std::allocator<cul_distance_node>][m[Kâ€™
[2.480s] [01m[K/usr/include/c++/11/bits/shared_ptr_base.h:519:39:[m[K   required from â€˜[01m[Kstd::_Sp_counted_ptr_inplace<_Tp, _Alloc, _Lp>::_Sp_counted_ptr_inplace(_Alloc, _Args&& ...) [with _Args = {}; _Tp = cul_distance_node; _Alloc = std::allocator<cul_distance_node>; __gnu_cxx::_Lock_policy _Lp = __gnu_cxx::_S_atomic][m[Kâ€™
[2.480s] [01m[K/usr/include/c++/11/bits/shared_ptr_base.h:650:16:[m[K   required from â€˜[01m[Kstd::__shared_count<_Lp>::__shared_count(_Tp*&, std::_Sp_alloc_shared_tag<_Alloc>, _Args&& ...) [with _Tp = cul_distance_node; _Alloc = std::allocator<cul_distance_node>; _Args = {}; __gnu_cxx::_Lock_policy _Lp = __gnu_cxx::_S_atomic][m[Kâ€™
[2.480s] [01m[K/usr/include/c++/11/bits/shared_ptr_base.h:1342:14:[m[K   required from â€˜[01m[Kstd::__shared_ptr<_Tp, _Lp>::__shared_ptr(std::_Sp_alloc_shared_tag<_Tp>, _Args&& ...) [with _Alloc = std::allocator<cul_distance_node>; _Args = {}; _Tp = cul_distance_node; __gnu_cxx::_Lock_policy _Lp = __gnu_cxx::_S_atomic][m[Kâ€™
[2.480s] [01m[K/usr/include/c++/11/bits/shared_ptr.h:409:59:[m[K   required from â€˜[01m[Kstd::shared_ptr<_Tp>::shared_ptr(std::_Sp_alloc_shared_tag<_Tp>, _Args&& ...) [with _Alloc = std::allocator<cul_distance_node>; _Args = {}; _Tp = cul_distance_node][m[Kâ€™
[2.480s] [01m[K/usr/include/c++/11/bits/shared_ptr.h:862:14:[m[K   required from â€˜[01m[Kstd::shared_ptr<_Tp> std::allocate_shared(const _Alloc&, _Args&& ...) [with _Tp = cul_distance_node; _Alloc = std::allocator<cul_distance_node>; _Args = {}][m[Kâ€™
[2.481s] [01m[K/usr/include/c++/11/bits/shared_ptr.h:878:39:[m[K   required from â€˜[01m[Kstd::shared_ptr<_Tp> std::make_shared(_Args&& ...) [with _Tp = cul_distance_node; _Args = {}][m[Kâ€™
[2.481s] [01m[K/home/jang/2024_7Dof/src/apf_package/src/cul_distance_node.cpp:28:51:[m[K   required from here
[2.481s] [01m[K/usr/include/c++/11/ext/new_allocator.h:162:11:[m[K [01;31m[Kerror: [m[Kuse of deleted function â€˜[01m[Kcul_distance_node::cul_distance_node()[m[Kâ€™
[2.481s]   162 |         { [01;31m[K::new((void *)__p) _Up(std::forward<_Args>(__args)...)[m[K; }
[2.481s]       |           [01;31m[K^~~~~~~~~~~~~~~~~~~~~~~~~~~~~~~~~~~~~~~~~~~~~~~~~~~~~~[m[K
[2.481s] [01m[K/home/jang/2024_7Dof/src/apf_package/src/cul_distance_node.cpp:7:7:[m[K [01;36m[Knote: [m[Kâ€˜[01m[Kcul_distance_node::cul_distance_node()[m[Kâ€™ is implicitly deleted because the default definition would be ill-formed:
[2.481s]     7 | class [01;36m[Kcul_distance_node[m[K : public rclcpp::Node
[2.481s]       |       [01;36m[K^~~~~~~~~~~~~~~~~[m[K
[2.481s] [01m[K/home/jang/2024_7Dof/src/apf_package/src/cul_distance_node.cpp:7:7:[m[K [01;31m[Kerror: [m[Kno matching function for call to â€˜[01m[Krclcpp::Node::Node()[m[Kâ€™
[2.481s] In file included from [01m[K/opt/ros/humble/include/rclcpp/rclcpp/executors/single_threaded_executor.hpp:28[m[K,
[2.481s]                  from [01m[K/opt/ros/humble/include/rclcpp/rclcpp/executors.hpp:22[m[K,
[2.481s]                  from [01m[K/opt/ros/humble/include/rclcpp/rclcpp/rclcpp.hpp:155[m[K,
[2.481s]                  from [01m[K/home/jang/2024_7Dof/src/apf_package/src/cul_distance_node.cpp:3[m[K:
[2.481s] [01m[K/opt/ros/humble/include/rclcpp/rclcpp/node.hpp:1294:3:[m[K [01;36m[Knote: [m[Kcandidate: â€˜[01m[Krclcpp::Node::Node(const rclcpp::Node&, const string&)[m[Kâ€™
[2.481s]  1294 |   [01;36m[KNode[m[K(
[2.481s]       |   [01;36m[K^~~~[m[K
[2.481s] [01m[K/opt/ros/humble/include/rclcpp/rclcpp/node.hpp:1294:3:[m[K [01;36m[Knote: [m[K  candidate expects 2 arguments, 0 provided
[2.481s] [01m[K/opt/ros/humble/include/rclcpp/rclcpp/node.hpp:101:12:[m[K [01;36m[Knote: [m[Kcandidate: â€˜[01m[Krclcpp::Node::Node(const string&, const string&, const rclcpp::NodeOptions&)[m[Kâ€™
[2.481s]   101 |   explicit [01;36m[KNode[m[K(
[2.481s]       |            [01;36m[K^~~~[m[K
[2.481s] [01m[K/opt/ros/humble/include/rclcpp/rclcpp/node.hpp:101:12:[m[K [01;36m[Knote: [m[K  candidate expects 3 arguments, 0 provided
[2.481s] [01m[K/opt/ros/humble/include/rclcpp/rclcpp/node.hpp:89:12:[m[K [01;36m[Knote: [m[Kcandidate: â€˜[01m[Krclcpp::Node::Node(const string&, const rclcpp::NodeOptions&)[m[Kâ€™
[2.481s]    89 |   explicit [01;36m[KNode[m[K(
[2.481s]       |            [01;36m[K^~~~[m[K
[2.481s] [01m[K/opt/ros/humble/include/rclcpp/rclcpp/node.hpp:89:12:[m[K [01;36m[Knote: [m[K  candidate expects 2 arguments, 0 provided
[3.622s] gmake[2]: *** [CMakeFiles/cul_distance_node.dir/build.make:76: CMakeFiles/cul_distance_node.dir/src/cul_distance_node.cpp.o] Error 1
[3.622s] gmake[1]: *** [CMakeFiles/Makefile2:165: CMakeFiles/cul_distance_node.dir/all] Error 2
[3.623s] gmake: *** [Makefile:146: all] Error 2
