[0.167s] Invoking command in '/home/jang/2024_7Dof/build/culjaco': CMAKE_PREFIX_PATH=${CMAKE_PREFIX_PATH}:/home/jang/2024_7Dof/install/apf_nodes:/opt/ros/humble /usr/bin/cmake --build /home/jang/2024_7Dof/build/culjaco -- -j16 -l16
[0.272s] [35m[1mConsolidate compiler generated dependencies of target jaco_node[0m
[0.324s] [ 20%] Built target forward
[0.355s] [ 40%] Built target listener
[0.373s] [ 60%] Built target talker
[0.373s] [ 80%] Built target forward_node
[0.374s] [ 90%] [32mBuilding CXX object CMakeFiles/jaco_node.dir/src/cul_jaco.cpp.o[0m
[2.291s] [01m[K/home/jang/2024_7Dof/src/culjaco/src/cul_jaco.cpp:[m[K In member function â€˜[01m[Kvoid jaco_node::joint_state_callback(const JointState&) const[m[Kâ€™:
[2.291s] [01m[K/home/jang/2024_7Dof/src/culjaco/src/cul_jaco.cpp:34:21:[m[K [01;31m[Kerror: [m[Kassignment of member â€˜[01m[Kjaco_node::joint_array[m[Kâ€™ in read-only object
[2.291s]    34 |         [01;31m[Kjoint_array = msg.position[m[K;
[2.291s]       |         [01;31m[K~~~~~~~~~~~~^~~~~~~~~~~~~~[m[K
[4.017s] gmake[2]: *** [CMakeFiles/jaco_node.dir/build.make:76: CMakeFiles/jaco_node.dir/src/cul_jaco.cpp.o] Error 1
[4.017s] gmake[1]: *** [CMakeFiles/Makefile2:249: CMakeFiles/jaco_node.dir/all] Error 2
[4.017s] gmake: *** [Makefile:146: all] Error 2
[4.020s] Invoked command in '/home/jang/2024_7Dof/build/culjaco' returned '2': CMAKE_PREFIX_PATH=${CMAKE_PREFIX_PATH}:/home/jang/2024_7Dof/install/apf_nodes:/opt/ros/humble /usr/bin/cmake --build /home/jang/2024_7Dof/build/culjaco -- -j16 -l16
